Array
(
    [password] => admin
    [username] => admin
)
SELECT * FROM users WHERE username = 'admin'
Array
(
    [password] => admin
    [username] => admin
)
SELECT * FROM users WHERE username = 'admin'
Array
(
    [password] => admin
    [username] => admin
)
SELECT * FROM users WHERE username = 'admin'
Array
(
    [password] => 3003
    [username] => marcosj
)
SELECT * FROM users WHERE username = 'marcosj'
Array
(
    [password] => admin
    [username] => admin
)
SELECT * FROM users WHERE username = 'admin'
Array
(
    [password] => 1234
    [username] => orianadb
)
SELECT * FROM users WHERE username = 'orianadb'
Array
(
    [password] => admin
    [username] => admin
)
SELECT * FROM users WHERE username = 'admin'
Array
(
    [password] => admin
    [username] => admin
)
SELECT * FROM users WHERE username = 'admin'
Array
(
    [password] => admin
    [username] => admin
)
SELECT * FROM users WHERE username = 'admin'
Array
(
    [password] => admin
    [username] => admin
)
SELECT * FROM users WHERE username = 'admin'
Array
(
    [password] => 3003
    [username] => marcosj
)
SELECT * FROM users WHERE username = 'marcosj'
Array
(
    [password] => admin
    [username] => admin
)
SELECT * FROM users WHERE username = 'admin'
